<?xml version="1.0" encoding="UTF-8"?>
<testsuite xmlns:xsi="http://www.w3.org/2001/XMLSchema-instance" xsi:noNamespaceSchemaLocation="https://maven.apache.org/surefire/maven-surefire-plugin/xsd/surefire-test-report-3.0.xsd" version="3.0" name="com.HotelManagement.HotelManagement.HotelManagementApplicationTests" time="26.853" tests="1" errors="0" skipped="0" failures="0">
  <properties>
[...]
</properties>
  <testcase name="contextLoads" classname="com.HotelManagement.HotelManagement.HotelManagementApplicationTests" time="1.814">
    <system-out><![CDATA[13:40:09.484 [main] INFO org.springframework.test.context.support.AnnotationConfigContextLoaderUtils -- Could not detect default configuration classes for test class [com.HotelManagement.HotelManagement.HotelManagementApplicationTests]: HotelManagementApplicationTests does not declare any static, non-private, non-final, nested classes annotated with @Configuration.
13:40:09.762 [main] INFO org.springframework.boot.test.context.SpringBootTestContextBootstrapper -- Found @SpringBootConfiguration com.HotelManagement.HotelManagement.HotelManagementApplication for test class com.HotelManagement.HotelManagement.HotelManagementApplicationTests

  .   ____          _            __ _ _
 /\\ / ___'_ __ _ _(_)_ __  __ _ \ \ \ \
( ( )\___ | '_ | '_| | '_ \/ _` | \ \ \ \
 \\/  ___)| |_)| | | | | || (_| |  ) ) ) )
  '  |____| .__|_| |_|_| |_\__, | / / / /
 =========|_|==============|___/=/_/_/_/

 :: Spring Boot ::                (v3.3.4)

2024-11-19T13:40:11.907+01:00  INFO 8716 --- [HotelManagement] [           main] c.H.H.HotelManagementApplicationTests    : Starting HotelManagementApplicationTests using Java 17.0.9 with PID 8716 (started by Dell in C:\Users\Dell\Desktop\projet hotel +react\projet hotel react\HotelManagement)
2024-11-19T13:40:11.918+01:00  INFO 8716 --- [HotelManagement] [           main] c.H.H.HotelManagementApplicationTests    : No active profile set, falling back to 1 default profile: "default"
2024-11-19T13:40:15.165+01:00  INFO 8716 --- [HotelManagement] [           main] .s.d.r.c.RepositoryConfigurationDelegate : Bootstrapping Spring Data JPA repositories in DEFAULT mode.
2024-11-19T13:40:15.368+01:00  INFO 8716 --- [HotelManagement] [           main] .s.d.r.c.RepositoryConfigurationDelegate : Finished Spring Data repository scanning in 185 ms. Found 3 JPA repository interfaces.
2024-11-19T13:40:17.652+01:00  INFO 8716 --- [HotelManagement] [           main] o.hibernate.jpa.internal.util.LogHelper  : HHH000204: Processing PersistenceUnitInfo [name: default]
2024-11-19T13:40:18.058+01:00  INFO 8716 --- [HotelManagement] [           main] org.hibernate.Version                    : HHH000412: Hibernate ORM core version 6.5.3.Final
2024-11-19T13:40:18.334+01:00  INFO 8716 --- [HotelManagement] [           main] o.h.c.internal.RegionFactoryInitiator    : HHH000026: Second-level cache disabled
2024-11-19T13:40:20.323+01:00  INFO 8716 --- [HotelManagement] [           main] o.s.o.j.p.SpringPersistenceUnitInfo      : No LoadTimeWeaver setup: ignoring JPA class transformer
2024-11-19T13:40:20.458+01:00  INFO 8716 --- [HotelManagement] [           main] com.zaxxer.hikari.HikariDataSource       : HikariPool-1 - Starting...
2024-11-19T13:40:20.898+01:00  INFO 8716 --- [HotelManagement] [           main] com.zaxxer.hikari.pool.HikariPool        : HikariPool-1 - Added connection com.mysql.cj.jdbc.ConnectionImpl@1f0e2bdc
2024-11-19T13:40:20.902+01:00  INFO 8716 --- [HotelManagement] [           main] com.zaxxer.hikari.HikariDataSource       : HikariPool-1 - Start completed.
2024-11-19T13:40:21.003+01:00  WARN 8716 --- [HotelManagement] [           main] org.hibernate.dialect.Dialect            : HHH000511: The 5.5.5 version for [org.hibernate.dialect.MySQLDialect] is no longer supported, hence certain features may not work properly. The minimum supported version is 8.0.0. Check the community dialects project for available legacy versions.
2024-11-19T13:40:21.017+01:00  WARN 8716 --- [HotelManagement] [           main] org.hibernate.orm.deprecation            : HHH90000025: MySQLDialect does not need to be specified explicitly using 'hibernate.dialect' (remove the property setting and it will be selected by default)
2024-11-19T13:40:24.873+01:00  INFO 8716 --- [HotelManagement] [           main] o.h.e.t.j.p.i.JtaPlatformInitiator       : HHH000489: No JTA platform available (set 'hibernate.transaction.jta.platform' to enable JTA platform integration)
2024-11-19T13:40:25.066+01:00  INFO 8716 --- [HotelManagement] [           main] j.LocalContainerEntityManagerFactoryBean : Initialized JPA EntityManagerFactory for persistence unit 'default'
2024-11-19T13:40:27.581+01:00  INFO 8716 --- [HotelManagement] [           main] eAuthenticationProviderManagerConfigurer : Global AuthenticationManager configured with AuthenticationProvider bean with name authenticationProvider
2024-11-19T13:40:27.584+01:00  WARN 8716 --- [HotelManagement] [           main] r$InitializeUserDetailsManagerConfigurer : Global AuthenticationManager configured with an AuthenticationProvider bean. UserDetailsService beans will not be used for username/password login. Consider removing the AuthenticationProvider bean. Alternatively, consider using the UserDetailsService in a manually instantiated DaoAuthenticationProvider.
2024-11-19T13:40:27.777+01:00  INFO 8716 --- [HotelManagement] [           main] o.s.d.j.r.query.QueryEnhancerFactory     : Hibernate is in classpath; If applicable, HQL parser will be used.
2024-11-19T13:40:30.574+01:00  WARN 8716 --- [HotelManagement] [           main] JpaBaseConfiguration$JpaWebConfiguration : spring.jpa.open-in-view is enabled by default. Therefore, database queries may be performed during view rendering. Explicitly configure spring.jpa.open-in-view to disable this warning
2024-11-19T13:40:33.971+01:00  INFO 8716 --- [HotelManagement] [           main] c.H.H.HotelManagementApplicationTests    : Started HotelManagementApplicationTests in 23.347 seconds (process running for 26.603)
]]></system-out>
  </testcase>
</testsuite>